Flutter crash report.
Please report a bug at https://github.com/flutter/flutter/issues.

## command

flutter run

## exception

NoSuchMethodError: NoSuchMethodError: The getter 'assetPathsToEvict' was called on null.
Receiver: null
Tried calling: assetPathsToEvict

```
#0      Object.noSuchMethod (dart:core-patch/object_patch.dart:68:5)
#1      HotRunner._resetDirtyAssets (package:flutter_tools/src/run_hot.dart:510:20)
#2      HotRunner._restartFromSources (package:flutter_tools/src/run_hot.dart:578:5)
<asynchronous suspension>
#3      HotRunner._fullRestartHelper (package:flutter_tools/src/run_hot.dart:754:16)
<asynchronous suspension>
#4      HotRunner.restart (package:flutter_tools/src/run_hot.dart:701:38)
<asynchronous suspension>
#5      TerminalHandler._commonTerminalInputHandler (package:flutter_tools/src/resident_runner.dart:1640:40)
<asynchronous suspension>
#6      TerminalHandler.processTerminalInput (package:flutter_tools/src/resident_runner.dart:1680:7)
<asynchronous suspension>
```

## flutter doctor

```
[✓] Flutter (Channel stable, 2.8.1, on macOS 11.4 20F71 darwin-x64, locale fr-FR)
    • Flutter version 2.8.1 at /Users/yann/Library/Developer/flutter
    • Upstream repository https://github.com/flutter/flutter.git
    • Framework revision 77d935af4d (il y a 6 semaines), 2021-12-16 08:37:33 -0800
    • Engine revision 890a5fca2e
    • Dart version 2.15.1

[✓] Android toolchain - develop for Android devices (Android SDK version 29.0.3)
    • Android SDK at /Users/yann/Library/Android/sdk
    • Platform android-31, build-tools 29.0.3
    • Java binary at: /Applications/Android Studio.app/Contents/jre/jdk/Contents/Home/bin/java
    • Java version OpenJDK Runtime Environment (build 1.8.0_242-release-1644-b3-6915495)
    • All Android licenses accepted.

[!] Xcode - develop for iOS and macOS (Xcode 12.5.1)
    • Xcode at /Applications/Xcode.app/Contents/Developer
    ! Flutter recommends a minimum Xcode version of 13.0.0.
      Download the latest version or update via the Mac App Store.
    ! CocoaPods 1.9.3 out of date (1.10.0 is recommended).
        CocoaPods is used to retrieve the iOS and macOS platform side's plugin code that responds to your plugin usage on the Dart side.
        Without CocoaPods, plugins will not work on iOS or macOS.
        For more info, see https://flutter.dev/platform-plugins
      To upgrade see https://guides.cocoapods.org/using/getting-started.html#installation for instructions.

[✓] Android Studio (version 4.1)
    • Android Studio at /Applications/Android Studio.app/Contents
    • Flutter plugin can be installed from:
      🔨 https://plugins.jetbrains.com/plugin/9212-flutter
    • Dart plugin can be installed from:
      🔨 https://plugins.jetbrains.com/plugin/6351-dart
    • Java version OpenJDK Runtime Environment (build 1.8.0_242-release-1644-b3-6915495)

[✓] VS Code (version 1.63.2)
    • VS Code at /Applications/Visual Studio Code.app/Contents
    • Flutter extension version 3.32.0

[✓] Connected device (1 available)
    • SM N970F (mobile) • R58M813GSEW • android-arm64 • Android 11 (API 30)

! Doctor found issues in 1 category.
```
